{"/Users/kimmymonassar/Repos/byggis-bot/src/api/getCoronaStats.ts": {"path":"/Users/kimmymonassar/Repos/byggis-bot/src/api/getCoronaStats.ts","statementMap":{"0":{"start":{"line":1,"column":0},"end":{"line":1,"column":26}},"1":{"start":{"line":4,"column":19},"end":{"line":4,"column":107}},"2":{"start":{"line":5,"column":15},"end":{"line":5,"column":32}},"3":{"start":{"line":6,"column":2},"end":{"line":11,"column":40}},"4":{"start":{"line":3,"column":0},"end":{"line":3,"column":30}}},"fnMap":{"0":{"name":"getCoronaStats","decl":{"start":{"line":3,"column":30},"end":{"line":3,"column":44}},"loc":{"start":{"line":3,"column":60},"end":{"line":12,"column":null}}}},"branchMap":{},"s":{"0":1,"1":1,"2":1,"3":1,"4":1},"f":{"0":1},"b":{}}
}
